This is pdfTeX, Version 3.14159265-2.6-1.40.19 (TeX Live 2018) (preloaded format=pdflatex 2018.4.16)  1 DEC 2020 03:12
entering extended mode
 restricted \write18 enabled.
 %&-line parsing enabled.
**write-up.tex
(./write-up.tex
LaTeX2e <2018-04-01> patch level 2
Babel <3.18> and hyphenation patterns for 84 language(s) loaded.
(/usr/local/texlive/2018/texmf-dist/tex/latex/base/article.cls
Document Class: article 2014/09/29 v1.4h Standard LaTeX document class
(/usr/local/texlive/2018/texmf-dist/tex/latex/base/size12.clo
File: size12.clo 2014/09/29 v1.4h Standard LaTeX file (size option)
)
\c@part=\count80
\c@section=\count81
\c@subsection=\count82
\c@subsubsection=\count83
\c@paragraph=\count84
\c@subparagraph=\count85
\c@figure=\count86
\c@table=\count87
\abovecaptionskip=\skip41
\belowcaptionskip=\skip42
\bibindent=\dimen102
)
(/usr/local/texlive/2018/texmf-dist/tex/latex/geometry/geometry.sty
Package: geometry 2018/03/24 v5.7 Page Geometry

(/usr/local/texlive/2018/texmf-dist/tex/latex/graphics/keyval.sty
Package: keyval 2014/10/28 v1.15 key=value parser (DPC)
\KV@toks@=\toks14
)
(/usr/local/texlive/2018/texmf-dist/tex/generic/oberdiek/ifpdf.sty
Package: ifpdf 2017/03/15 v3.2 Provides the ifpdf switch
)
(/usr/local/texlive/2018/texmf-dist/tex/generic/oberdiek/ifvtex.sty
Package: ifvtex 2016/05/16 v1.6 Detect VTeX and its facilities (HO)
Package ifvtex Info: VTeX not detected.
)
(/usr/local/texlive/2018/texmf-dist/tex/generic/ifxetex/ifxetex.sty
Package: ifxetex 2010/09/12 v0.6 Provides ifxetex conditional
)
\Gm@cnth=\count88
\Gm@cntv=\count89
\c@Gm@tempcnt=\count90
\Gm@bindingoffset=\dimen103
\Gm@wd@mp=\dimen104
\Gm@odd@mp=\dimen105
\Gm@even@mp=\dimen106
\Gm@layoutwidth=\dimen107
\Gm@layoutheight=\dimen108
\Gm@layouthoffset=\dimen109
\Gm@layoutvoffset=\dimen110
\Gm@dimlist=\toks15
)
(/usr/local/texlive/2018/texmf-dist/tex/latex/amsfonts/amssymb.sty
Package: amssymb 2013/01/14 v3.01 AMS font symbols

(/usr/local/texlive/2018/texmf-dist/tex/latex/amsfonts/amsfonts.sty
Package: amsfonts 2013/01/14 v3.01 Basic AMSFonts support
\@emptytoks=\toks16
\symAMSa=\mathgroup4
\symAMSb=\mathgroup5
LaTeX Font Info:    Overwriting math alphabet `\mathfrak' in version `bold'
(Font)                  U/euf/m/n --> U/euf/b/n on input line 106.
))
(/usr/local/texlive/2018/texmf-dist/tex/latex/comment/comment.sty
\CommentStream=\write3

Excluding comment 'comment')
(/usr/local/texlive/2018/texmf-dist/tex/latex/amsmath/amsmath.sty
Package: amsmath 2017/09/02 v2.17a AMS math features
\@mathmargin=\skip43

For additional information on amsmath, use the `?' option.
(/usr/local/texlive/2018/texmf-dist/tex/latex/amsmath/amstext.sty
Package: amstext 2000/06/29 v2.01 AMS text

(/usr/local/texlive/2018/texmf-dist/tex/latex/amsmath/amsgen.sty
File: amsgen.sty 1999/11/30 v2.0 generic functions
\@emptytoks=\toks17
\ex@=\dimen111
))
(/usr/local/texlive/2018/texmf-dist/tex/latex/amsmath/amsbsy.sty
Package: amsbsy 1999/11/29 v1.2d Bold Symbols
\pmbraise@=\dimen112
)
(/usr/local/texlive/2018/texmf-dist/tex/latex/amsmath/amsopn.sty
Package: amsopn 2016/03/08 v2.02 operator names
)
\inf@bad=\count91
LaTeX Info: Redefining \frac on input line 213.
\uproot@=\count92
\leftroot@=\count93
LaTeX Info: Redefining \overline on input line 375.
\classnum@=\count94
\DOTSCASE@=\count95
LaTeX Info: Redefining \ldots on input line 472.
LaTeX Info: Redefining \dots on input line 475.
LaTeX Info: Redefining \cdots on input line 596.
\Mathstrutbox@=\box26
\strutbox@=\box27
\big@size=\dimen113
LaTeX Font Info:    Redeclaring font encoding OML on input line 712.
LaTeX Font Info:    Redeclaring font encoding OMS on input line 713.
\macc@depth=\count96
\c@MaxMatrixCols=\count97
\dotsspace@=\muskip10
\c@parentequation=\count98
\dspbrk@lvl=\count99
\tag@help=\toks18
\row@=\count100
\column@=\count101
\maxfields@=\count102
\andhelp@=\toks19
\eqnshift@=\dimen114
\alignsep@=\dimen115
\tagshift@=\dimen116
\tagwidth@=\dimen117
\totwidth@=\dimen118
\lineht@=\dimen119
\@envbody=\toks20
\multlinegap=\skip44
\multlinetaggap=\skip45
\mathdisplay@stack=\toks21
LaTeX Info: Redefining \[ on input line 2817.
LaTeX Info: Redefining \] on input line 2818.
)
(/usr/local/texlive/2018/texmf-dist/tex/latex/stackengine/stackengine.sty
Package: stackengine 2017/02/13 v4.01\ Stacking text and objects in convenient 
ways

(/usr/local/texlive/2018/texmf-dist/tex/latex/etoolbox/etoolbox.sty
Package: etoolbox 2018/02/11 v2.5e e-TeX tools for LaTeX (JAW)
\etb@tempcnta=\count103
)
(/usr/local/texlive/2018/texmf-dist/tex/generic/listofitems/listofitems.sty
(/usr/local/texlive/2018/texmf-dist/tex/generic/listofitems/listofitems.tex
\loi_nestcnt=\count104
)
Package: listofitems 2018/03/13 v1.53 Grab items in lists using user-specified 
sep char (CT)
)
(/usr/local/texlive/2018/texmf-dist/tex/latex/tools/calc.sty
Package: calc 2017/05/25 v4.3 Infix arithmetic (KKT,FJ)
\calc@Acount=\count105
\calc@Bcount=\count106
\calc@Adimen=\dimen120
\calc@Bdimen=\dimen121
\calc@Askip=\skip46
\calc@Bskip=\skip47
LaTeX Info: Redefining \setlength on input line 80.
LaTeX Info: Redefining \addtolength on input line 81.
\calc@Ccount=\count107
\calc@Cskip=\skip48
)
\c@@stackindex=\count108
\@boxshift=\skip49
\stack@tmplength=\skip50
\temp@stkl=\skip51
\@stackedboxwidth=\skip52
\@addedbox=\box28
\@anchorbox=\box29
\stackedbox=\box30
\@centerbox=\box31
\c@ROWcellindex@=\count109
)
(/usr/local/texlive/2018/texmf-dist/tex/latex/graphics/graphicx.sty
Package: graphicx 2017/06/01 v1.1a Enhanced LaTeX Graphics (DPC,SPQR)

(/usr/local/texlive/2018/texmf-dist/tex/latex/graphics/graphics.sty
Package: graphics 2017/06/25 v1.2c Standard LaTeX Graphics (DPC,SPQR)

(/usr/local/texlive/2018/texmf-dist/tex/latex/graphics/trig.sty
Package: trig 2016/01/03 v1.10 sin cos tan (DPC)
)
(/usr/local/texlive/2018/texmf-dist/tex/latex/graphics-cfg/graphics.cfg
File: graphics.cfg 2016/06/04 v1.11 sample graphics configuration
)
Package graphics Info: Driver file: pdftex.def on input line 99.

(/usr/local/texlive/2018/texmf-dist/tex/latex/graphics-def/pdftex.def
File: pdftex.def 2018/01/08 v1.0l Graphics/color driver for pdftex
))
\Gin@req@height=\dimen122
\Gin@req@width=\dimen123
)
(/usr/local/texlive/2018/texmf-dist/tex/latex/float/float.sty
Package: float 2001/11/08 v1.3d Float enhancements (AL)
\c@float@type=\count110
\float@exts=\toks22
\float@box=\box32
\@float@everytoks=\toks23
\@floatcapt=\box33
)
(/usr/local/texlive/2018/texmf-dist/tex/latex/wrapfig/wrapfig.sty
\wrapoverhang=\dimen124
\WF@size=\dimen125
\c@WF@wrappedlines=\count111
\WF@box=\box34
\WF@everypar=\toks24
Package: wrapfig 2003/01/31  v 3.6
)
(/usr/local/texlive/2018/texmf-dist/tex/latex/caption/subcaption.sty
Package: subcaption 2016/05/22 v1.1-161 Sub-captions (AR)

(/usr/local/texlive/2018/texmf-dist/tex/latex/caption/caption.sty
Package: caption 2016/02/21 v3.3-144 Customizing captions (AR)

(/usr/local/texlive/2018/texmf-dist/tex/latex/caption/caption3.sty
Package: caption3 2016/05/22 v1.7-166 caption3 kernel (AR)
Package caption3 Info: TeX engine: e-TeX on input line 67.
\captionmargin=\dimen126
\captionmargin@=\dimen127
\captionwidth=\dimen128
\caption@tempdima=\dimen129
\caption@indent=\dimen130
\caption@parindent=\dimen131
\caption@hangindent=\dimen132
)
\c@ContinuedFloat=\count112
Package caption Info: float package is loaded.
Package caption Info: wrapfig package is loaded.
)
\c@subfigure=\count113
\c@subtable=\count114
)
(./write-up.aux)
\openout1 = `write-up.aux'.

LaTeX Font Info:    Checking defaults for OML/cmm/m/it on input line 16.
LaTeX Font Info:    ... okay on input line 16.
LaTeX Font Info:    Checking defaults for T1/cmr/m/n on input line 16.
LaTeX Font Info:    ... okay on input line 16.
LaTeX Font Info:    Checking defaults for OT1/cmr/m/n on input line 16.
LaTeX Font Info:    ... okay on input line 16.
LaTeX Font Info:    Checking defaults for OMS/cmsy/m/n on input line 16.
LaTeX Font Info:    ... okay on input line 16.
LaTeX Font Info:    Checking defaults for OMX/cmex/m/n on input line 16.
LaTeX Font Info:    ... okay on input line 16.
LaTeX Font Info:    Checking defaults for U/cmr/m/n on input line 16.
LaTeX Font Info:    ... okay on input line 16.

*geometry* driver: auto-detecting
*geometry* detected driver: pdftex
*geometry* verbose mode - [ preamble ] result:
* driver: pdftex
* paper: <default>
* layout: <same size as paper>
* layoutoffset:(h,v)=(0.0pt,0.0pt)
* modes: 
* h-part:(L,W,R)=(72.2698pt, 469.75539pt, 72.2698pt)
* v-part:(T,H,B)=(72.2698pt, 650.43037pt, 72.2698pt)
* \paperwidth=614.295pt
* \paperheight=794.96999pt
* \textwidth=469.75539pt
* \textheight=650.43037pt
* \oddsidemargin=-0.00018pt
* \evensidemargin=-0.00018pt
* \topmargin=-37.00018pt
* \headheight=12.0pt
* \headsep=25.0pt
* \topskip=12.0pt
* \footskip=30.0pt
* \marginparwidth=44.0pt
* \marginparsep=10.0pt
* \columnsep=10.0pt
* \skip\footins=10.8pt plus 4.0pt minus 2.0pt
* \hoffset=0.0pt
* \voffset=0.0pt
* \mag=1000
* \@twocolumnfalse
* \@twosidefalse
* \@mparswitchfalse
* \@reversemarginfalse
* (1in=72.27pt=25.4mm, 1cm=28.453pt)

(/usr/local/texlive/2018/texmf-dist/tex/context/base/mkii/supp-pdf.mkii
[Loading MPS to PDF converter (version 2006.09.02).]
\scratchcounter=\count115
\scratchdimen=\dimen133
\scratchbox=\box35
\nofMPsegments=\count116
\nofMParguments=\count117
\everyMPshowfont=\toks25
\MPscratchCnt=\count118
\MPscratchDim=\dimen134
\MPnumerator=\count119
\makeMPintoPDFobject=\count120
\everyMPtoPDFconversion=\toks26
) (/usr/local/texlive/2018/texmf-dist/tex/latex/oberdiek/epstopdf-base.sty
Package: epstopdf-base 2016/05/15 v2.6 Base part for package epstopdf

(/usr/local/texlive/2018/texmf-dist/tex/generic/oberdiek/infwarerr.sty
Package: infwarerr 2016/05/16 v1.4 Providing info/warning/error messages (HO)
)
(/usr/local/texlive/2018/texmf-dist/tex/latex/oberdiek/grfext.sty
Package: grfext 2016/05/16 v1.2 Manage graphics extensions (HO)

(/usr/local/texlive/2018/texmf-dist/tex/generic/oberdiek/kvdefinekeys.sty
Package: kvdefinekeys 2016/05/16 v1.4 Define keys (HO)

(/usr/local/texlive/2018/texmf-dist/tex/generic/oberdiek/ltxcmds.sty
Package: ltxcmds 2016/05/16 v1.23 LaTeX kernel commands for general use (HO)
)))
(/usr/local/texlive/2018/texmf-dist/tex/latex/oberdiek/kvoptions.sty
Package: kvoptions 2016/05/16 v3.12 Key value format for package options (HO)

(/usr/local/texlive/2018/texmf-dist/tex/generic/oberdiek/kvsetkeys.sty
Package: kvsetkeys 2016/05/16 v1.17 Key value parser (HO)

(/usr/local/texlive/2018/texmf-dist/tex/generic/oberdiek/etexcmds.sty
Package: etexcmds 2016/05/16 v1.6 Avoid name clashes with e-TeX commands (HO)

(/usr/local/texlive/2018/texmf-dist/tex/generic/oberdiek/ifluatex.sty
Package: ifluatex 2016/05/16 v1.4 Provides the ifluatex switch (HO)
Package ifluatex Info: LuaTeX not detected.
)
Package etexcmds Info: Could not find \expanded.
(etexcmds)             That can mean that you are not using pdfTeX 1.50 or
(etexcmds)             that some package has redefined \expanded.
(etexcmds)             In the latter case, load this package earlier.
)))
(/usr/local/texlive/2018/texmf-dist/tex/generic/oberdiek/pdftexcmds.sty
Package: pdftexcmds 2018/01/30 v0.27 Utility functions of pdfTeX for LuaTeX (HO
)
Package pdftexcmds Info: LuaTeX not detected.
Package pdftexcmds Info: \pdf@primitive is available.
Package pdftexcmds Info: \pdf@ifprimitive is available.
Package pdftexcmds Info: \pdfdraftmode found.
)
Package epstopdf-base Info: Redefining graphics rule for `.eps' on input line 4
38.
Package grfext Info: Graphics extension search list:
(grfext)             [.pdf,.png,.jpg,.mps,.jpeg,.jbig2,.jb2,.PDF,.PNG,.JPG,.JPE
G,.JBIG2,.JB2,.eps]
(grfext)             \AppendGraphicsExtensions on input line 456.

(/usr/local/texlive/2018/texmf-dist/tex/latex/latexconfig/epstopdf-sys.cfg
File: epstopdf-sys.cfg 2010/07/13 v1.3 Configuration of (r)epstopdf for TeX Liv
e
))
Package caption Info: Begin \AtBeginDocument code.
Package caption Info: End \AtBeginDocument code.

Underfull \hbox (badness 10000) in paragraph at lines 31--32

 []

LaTeX Font Info:    Try loading font information for U+msa on input line 33.
(/usr/local/texlive/2018/texmf-dist/tex/latex/amsfonts/umsa.fd
File: umsa.fd 2013/01/14 v3.01 AMS symbols A
)
LaTeX Font Info:    Try loading font information for U+msb on input line 33.

(/usr/local/texlive/2018/texmf-dist/tex/latex/amsfonts/umsb.fd
File: umsb.fd 2013/01/14 v3.01 AMS symbols B
)
Underfull \hbox (badness 10000) in paragraph at lines 33--34

 []


Underfull \hbox (badness 10000) in paragraph at lines 39--40

 []


Underfull \hbox (badness 10000) in paragraph at lines 41--42

 []


Underfull \hbox (badness 10000) in paragraph at lines 43--44

 []


Underfull \hbox (badness 10000) in paragraph at lines 45--46

 []


Underfull \hbox (badness 10000) in paragraph at lines 47--48

 []

<longtitude_latitude_original.png, id=1, 2113.8975pt x 1102.1175pt>
File: longtitude_latitude_original.png Graphic file (type png)
<use longtitude_latitude_original.png>
Package pdftex.def Info: longtitude_latitude_original.png  used on input line 5
0.
(pdftex.def)             Requested size: 469.75539pt x 244.90504pt.
[1

{/usr/local/texlive/2018/texmf-var/fonts/map/pdftex/updmap/pdftex.map}]
Underfull \hbox (badness 10000) in paragraph at lines 54--55

 []

<longtitude_latitude_annotated.jpg, id=11, 4171.585pt x 2187.17125pt>
File: longtitude_latitude_annotated.jpg Graphic file (type jpg)
<use longtitude_latitude_annotated.jpg>
Package pdftex.def Info: longtitude_latitude_annotated.jpg  used on input line 
59.
(pdftex.def)             Requested size: 469.75539pt x 246.26308pt.

Underfull \hbox (badness 10000) in paragraph at lines 61--62

 []

[2 <./longtitude_latitude_original.png> <./longtitude_latitude_annotated.jpg>]
Underfull \hbox (badness 10000) in paragraph at lines 63--64

 []


Underfull \hbox (badness 10000) in paragraph at lines 65--66

 []

<nights_reviews.png, id=16, 462.528pt x 346.896pt>
File: nights_reviews.png Graphic file (type png)
<use nights_reviews.png>
Package pdftex.def Info: nights_reviews.png  used on input line 70.
(pdftex.def)             Requested size: 469.75539pt x 352.33655pt.

Underfull \hbox (badness 10000) in paragraph at lines 72--73

 []

[3 <./nights_reviews.png>]
Underfull \hbox (badness 10000) in paragraph at lines 74--75

 []

<nights_room_type.png, id=21, 462.528pt x 346.896pt>
File: nights_room_type.png Graphic file (type png)
<use nights_room_type.png>
Package pdftex.def Info: nights_room_type.png  used on input line 79.
(pdftex.def)             Requested size: 469.75539pt x 352.33655pt.

Underfull \hbox (badness 10000) in paragraph at lines 81--82

 []

[4 <./nights_room_type.png>]
Underfull \hbox (badness 10000) in paragraph at lines 83--84

 []

<reviews_price.png, id=26, 1631.09375pt x 850.67813pt>
File: reviews_price.png Graphic file (type png)
<use reviews_price.png>
Package pdftex.def Info: reviews_price.png  used on input line 88.
(pdftex.def)             Requested size: 469.75539pt x 244.98991pt.

Underfull \hbox (badness 10000) in paragraph at lines 90--91

 []


Underfull \hbox (badness 10000) in paragraph at lines 92--93

 []

[5 <./reviews_price.png>]
<room_type_price.png, id=31, 462.528pt x 346.896pt>
File: room_type_price.png Graphic file (type png)
<use room_type_price.png>
Package pdftex.def Info: room_type_price.png  used on input line 97.
(pdftex.def)             Requested size: 469.75539pt x 352.33655pt.

Underfull \hbox (badness 10000) in paragraph at lines 99--100

 []


Underfull \hbox (badness 10000) in paragraph at lines 101--102

 []

[6 <./room_type_price.png>]
<neighborhood_price.png, id=36, 462.528pt x 346.896pt>
File: neighborhood_price.png Graphic file (type png)
<use neighborhood_price.png>
Package pdftex.def Info: neighborhood_price.png  used on input line 106.
(pdftex.def)             Requested size: 469.75539pt x 352.33655pt.

Underfull \hbox (badness 10000) in paragraph at lines 108--109

 []

<nights_price.png, id=37, 462.528pt x 346.896pt>
File: nights_price.png Graphic file (type png)
<use nights_price.png>
Package pdftex.def Info: nights_price.png  used on input line 113.
(pdftex.def)             Requested size: 469.75539pt x 352.33655pt.
[7 <./neighborhood_price.png>] [8 <./nights_price.png>]
Underfull \hbox (badness 10000) in paragraph at lines 121--122

 []


Underfull \hbox (badness 10000) in paragraph at lines 123--131

 []


Underfull \hbox (badness 10000) in paragraph at lines 134--135

 []


Underfull \hbox (badness 10000) in paragraph at lines 136--137

 []


Underfull \hbox (badness 10000) in paragraph at lines 138--139

 []

<logistic_regression_graphs/logistic_1.png, id=47, 462.528pt x 346.896pt>
File: logistic_regression_graphs/logistic_1.png Graphic file (type png)
<use logistic_regression_graphs/logistic_1.png>
Package pdftex.def Info: logistic_regression_graphs/logistic_1.png  used on inp
ut line 141.
(pdftex.def)             Requested size: 352.3059pt x 264.24182pt.

Underfull \hbox (badness 10000) in paragraph at lines 144--145

 []

[9 <./logistic_regression_graphs/logistic_1.png>]
<logistic_regression_graphs/logistic_2.png, id=52, 462.528pt x 346.896pt>
File: logistic_regression_graphs/logistic_2.png Graphic file (type png)
<use logistic_regression_graphs/logistic_2.png>
Package pdftex.def Info: logistic_regression_graphs/logistic_2.png  used on inp
ut line 147.
(pdftex.def)             Requested size: 352.3059pt x 264.24182pt.

Underfull \hbox (badness 10000) in paragraph at lines 150--151

 []

<logistic_regression_graphs/logistic_3.png, id=53, 462.528pt x 346.896pt>
File: logistic_regression_graphs/logistic_3.png Graphic file (type png)
<use logistic_regression_graphs/logistic_3.png>
Package pdftex.def Info: logistic_regression_graphs/logistic_3.png  used on inp
ut line 153.
(pdftex.def)             Requested size: 352.3059pt x 264.24182pt.

Underfull \hbox (badness 10000) in paragraph at lines 156--157

 []

[10 <./logistic_regression_graphs/logistic_2.png> <./logistic_regression_graphs
/logistic_3.png>]
<logistic_regression_graphs/logistic_4.png, id=59, 462.528pt x 346.896pt>
File: logistic_regression_graphs/logistic_4.png Graphic file (type png)
<use logistic_regression_graphs/logistic_4.png>
Package pdftex.def Info: logistic_regression_graphs/logistic_4.png  used on inp
ut line 159.
(pdftex.def)             Requested size: 352.3059pt x 264.24182pt.

Underfull \hbox (badness 10000) in paragraph at lines 162--163

 []

<logistic_regression_graphs/logistic_5.png, id=60, 462.528pt x 346.896pt>
File: logistic_regression_graphs/logistic_5.png Graphic file (type png)
<use logistic_regression_graphs/logistic_5.png>
Package pdftex.def Info: logistic_regression_graphs/logistic_5.png  used on inp
ut line 165.
(pdftex.def)             Requested size: 352.3059pt x 264.24182pt.

Underfull \hbox (badness 10000) in paragraph at lines 168--169

 []

[11 <./logistic_regression_graphs/logistic_4.png> <./logistic_regression_graphs
/logistic_5.png>]
<logistic_regression_graphs/logistic_6.png, id=66, 462.528pt x 346.896pt>
File: logistic_regression_graphs/logistic_6.png Graphic file (type png)
<use logistic_regression_graphs/logistic_6.png>
Package pdftex.def Info: logistic_regression_graphs/logistic_6.png  used on inp
ut line 171.
(pdftex.def)             Requested size: 352.3059pt x 264.24182pt.

Underfull \hbox (badness 10000) in paragraph at lines 174--175

 []

<logistic_regression_graphs/logistic_7.png, id=67, 462.528pt x 346.896pt>
File: logistic_regression_graphs/logistic_7.png Graphic file (type png)
<use logistic_regression_graphs/logistic_7.png>
Package pdftex.def Info: logistic_regression_graphs/logistic_7.png  used on inp
ut line 177.
(pdftex.def)             Requested size: 352.3059pt x 264.24182pt.

Underfull \hbox (badness 10000) in paragraph at lines 180--181

 []

[12 <./logistic_regression_graphs/logistic_6.png> <./logistic_regression_graphs
/logistic_7.png>]
<logistic_regression_graphs/logistic_8.png, id=73, 462.528pt x 346.896pt>
File: logistic_regression_graphs/logistic_8.png Graphic file (type png)
<use logistic_regression_graphs/logistic_8.png>
Package pdftex.def Info: logistic_regression_graphs/logistic_8.png  used on inp
ut line 183.
(pdftex.def)             Requested size: 352.3059pt x 264.24182pt.

Underfull \hbox (badness 10000) in paragraph at lines 186--187

 []

<logistic_regression_graphs/logistic_9.png, id=74, 462.528pt x 346.896pt>
File: logistic_regression_graphs/logistic_9.png Graphic file (type png)
<use logistic_regression_graphs/logistic_9.png>
Package pdftex.def Info: logistic_regression_graphs/logistic_9.png  used on inp
ut line 189.
(pdftex.def)             Requested size: 352.3059pt x 264.24182pt.

Underfull \hbox (badness 10000) in paragraph at lines 192--193

 []

[13 <./logistic_regression_graphs/logistic_8.png> <./logistic_regression_graphs
/logistic_9.png>]
<logistic_regression_graphs/logistic_10.png, id=81, 462.528pt x 346.896pt>
File: logistic_regression_graphs/logistic_10.png Graphic file (type png)
<use logistic_regression_graphs/logistic_10.png>
Package pdftex.def Info: logistic_regression_graphs/logistic_10.png  used on in
put line 195.
(pdftex.def)             Requested size: 352.3059pt x 264.24182pt.

Underfull \hbox (badness 10000) in paragraph at lines 198--199

 []

<logistic_regression_graphs/logistic_11.png, id=82, 462.528pt x 346.896pt>
File: logistic_regression_graphs/logistic_11.png Graphic file (type png)
<use logistic_regression_graphs/logistic_11.png>
Package pdftex.def Info: logistic_regression_graphs/logistic_11.png  used on in
put line 201.
(pdftex.def)             Requested size: 352.3059pt x 264.24182pt.

Underfull \hbox (badness 10000) in paragraph at lines 204--205

 []

[14 <./logistic_regression_graphs/logistic_10.png> <./logistic_regression_graph
s/logistic_11.png>]
<logistic_regression_graphs/logistic_12.png, id=88, 462.528pt x 346.896pt>
File: logistic_regression_graphs/logistic_12.png Graphic file (type png)
<use logistic_regression_graphs/logistic_12.png>
Package pdftex.def Info: logistic_regression_graphs/logistic_12.png  used on in
put line 207.
(pdftex.def)             Requested size: 352.3059pt x 264.24182pt.

Underfull \hbox (badness 10000) in paragraph at lines 212--213

 []

[15 <./logistic_regression_graphs/logistic_12.png>]
Underfull \hbox (badness 10000) in paragraph at lines 216--217

 []

<svm_graphs/svm_1.png, id=93, 462.528pt x 346.896pt>
File: svm_graphs/svm_1.png Graphic file (type png)
<use svm_graphs/svm_1.png>
Package pdftex.def Info: svm_graphs/svm_1.png  used on input line 219.
(pdftex.def)             Requested size: 352.3059pt x 264.24182pt.

Underfull \hbox (badness 10000) in paragraph at lines 222--223

 []

<svm_graphs/svm_2.png, id=94, 462.528pt x 346.896pt>
File: svm_graphs/svm_2.png Graphic file (type png)
<use svm_graphs/svm_2.png>
Package pdftex.def Info: svm_graphs/svm_2.png  used on input line 225.
(pdftex.def)             Requested size: 352.3059pt x 264.24182pt.

Underfull \hbox (badness 10000) in paragraph at lines 228--229

 []

[16 <./svm_graphs/svm_1.png> <./svm_graphs/svm_2.png>]
<svm_graphs/svm_3.png, id=100, 462.528pt x 346.896pt>
File: svm_graphs/svm_3.png Graphic file (type png)
<use svm_graphs/svm_3.png>
Package pdftex.def Info: svm_graphs/svm_3.png  used on input line 231.
(pdftex.def)             Requested size: 352.3059pt x 264.24182pt.

Underfull \hbox (badness 10000) in paragraph at lines 234--235

 []

<svm_graphs/svm_4.png, id=101, 462.528pt x 346.896pt>
File: svm_graphs/svm_4.png Graphic file (type png)
<use svm_graphs/svm_4.png>
Package pdftex.def Info: svm_graphs/svm_4.png  used on input line 237.
(pdftex.def)             Requested size: 352.3059pt x 264.24182pt.

Underfull \hbox (badness 10000) in paragraph at lines 240--241

 []

[17 <./svm_graphs/svm_3.png> <./svm_graphs/svm_4.png>]
<svm_graphs/svm_5.png, id=107, 462.528pt x 346.896pt>
File: svm_graphs/svm_5.png Graphic file (type png)
<use svm_graphs/svm_5.png>
Package pdftex.def Info: svm_graphs/svm_5.png  used on input line 243.
(pdftex.def)             Requested size: 352.3059pt x 264.24182pt.

Underfull \hbox (badness 10000) in paragraph at lines 246--247

 []

<svm_graphs/svm_6.png, id=108, 462.528pt x 346.896pt>
File: svm_graphs/svm_6.png Graphic file (type png)
<use svm_graphs/svm_6.png>
Package pdftex.def Info: svm_graphs/svm_6.png  used on input line 249.
(pdftex.def)             Requested size: 352.3059pt x 264.24182pt.

Underfull \hbox (badness 10000) in paragraph at lines 254--255

 []

[18 <./svm_graphs/svm_5.png> <./svm_graphs/svm_6.png>]
Underfull \hbox (badness 10000) in paragraph at lines 256--257

 []

<neural_graphs/neural_1.png, id=114, 462.528pt x 346.896pt>
File: neural_graphs/neural_1.png Graphic file (type png)
<use neural_graphs/neural_1.png>
Package pdftex.def Info: neural_graphs/neural_1.png  used on input line 259.
(pdftex.def)             Requested size: 352.3059pt x 264.24182pt.

Underfull \hbox (badness 10000) in paragraph at lines 262--263

 []

<neural_graphs/neural_2.png, id=115, 462.528pt x 346.896pt>
File: neural_graphs/neural_2.png Graphic file (type png)
<use neural_graphs/neural_2.png>
Package pdftex.def Info: neural_graphs/neural_2.png  used on input line 265.
(pdftex.def)             Requested size: 352.3059pt x 264.24182pt.
[19 <./neural_graphs/neural_1.png>]
Underfull \hbox (badness 10000) in paragraph at lines 268--269

 []

<neural_graphs/neural_3.png, id=121, 462.528pt x 346.896pt>
File: neural_graphs/neural_3.png Graphic file (type png)
<use neural_graphs/neural_3.png>
Package pdftex.def Info: neural_graphs/neural_3.png  used on input line 271.
(pdftex.def)             Requested size: 352.3059pt x 264.24182pt.

Underfull \hbox (badness 10000) in paragraph at lines 274--275

 []

<neural_graphs/neural_4.png, id=122, 462.528pt x 346.896pt>
File: neural_graphs/neural_4.png Graphic file (type png)
<use neural_graphs/neural_4.png>
Package pdftex.def Info: neural_graphs/neural_4.png  used on input line 277.
(pdftex.def)             Requested size: 352.3059pt x 264.24182pt.
[20 <./neural_graphs/neural_2.png> <./neural_graphs/neural_3.png>]
Underfull \hbox (badness 10000) in paragraph at lines 280--281

 []

<neural_graphs/neural_5.png, id=128, 462.528pt x 346.896pt>
File: neural_graphs/neural_5.png Graphic file (type png)
<use neural_graphs/neural_5.png>
Package pdftex.def Info: neural_graphs/neural_5.png  used on input line 283.
(pdftex.def)             Requested size: 352.3059pt x 264.24182pt.

Underfull \hbox (badness 10000) in paragraph at lines 286--287

 []

<neural_graphs/neural_6.png, id=129, 462.528pt x 346.896pt>
File: neural_graphs/neural_6.png Graphic file (type png)
<use neural_graphs/neural_6.png>
Package pdftex.def Info: neural_graphs/neural_6.png  used on input line 289.
(pdftex.def)             Requested size: 352.3059pt x 264.24182pt.
[21 <./neural_graphs/neural_4.png> <./neural_graphs/neural_5.png>]
Underfull \hbox (badness 10000) in paragraph at lines 292--293

 []

<neural_graphs/neural_7.png, id=135, 462.528pt x 346.896pt>
File: neural_graphs/neural_7.png Graphic file (type png)
<use neural_graphs/neural_7.png>
Package pdftex.def Info: neural_graphs/neural_7.png  used on input line 295.
(pdftex.def)             Requested size: 352.3059pt x 264.24182pt.

Underfull \hbox (badness 10000) in paragraph at lines 298--299

 []

<neural_graphs/neural_8.png, id=136, 462.528pt x 346.896pt>
File: neural_graphs/neural_8.png Graphic file (type png)
<use neural_graphs/neural_8.png>
Package pdftex.def Info: neural_graphs/neural_8.png  used on input line 301.
(pdftex.def)             Requested size: 352.3059pt x 264.24182pt.
[22 <./neural_graphs/neural_6.png> <./neural_graphs/neural_7.png>]
Underfull \hbox (badness 10000) in paragraph at lines 304--305

 []

<neural_graphs/neural_9.png, id=142, 462.528pt x 346.896pt>
File: neural_graphs/neural_9.png Graphic file (type png)
<use neural_graphs/neural_9.png>
Package pdftex.def Info: neural_graphs/neural_9.png  used on input line 307.
(pdftex.def)             Requested size: 352.3059pt x 264.24182pt.

Underfull \hbox (badness 10000) in paragraph at lines 310--311

 []

<neural_graphs/neural_10.png, id=143, 462.528pt x 346.896pt>
File: neural_graphs/neural_10.png Graphic file (type png)
<use neural_graphs/neural_10.png>
Package pdftex.def Info: neural_graphs/neural_10.png  used on input line 313.
(pdftex.def)             Requested size: 352.3059pt x 264.24182pt.
[23 <./neural_graphs/neural_8.png> <./neural_graphs/neural_9.png>] [24 <./neura
l_graphs/neural_10.png>] [25] [26] [27] [28] (./write-up.aux) ) 
Here is how much of TeX's memory you used:
 4879 strings out of 492649
 73960 string characters out of 6129622
 151460 words of memory out of 5000000
 8647 multiletter control sequences out of 15000+600000
 8893 words of font info for 34 fonts, out of 8000000 for 9000
 1141 hyphenation exceptions out of 8191
 42i,6n,40p,869b,287s stack positions out of 5000i,500n,10000p,200000b,80000s
</usr/local/texl
ive/2018/texmf-dist/fonts/type1/public/amsfonts/cm/cmbx12.pfb></usr/local/texli
ve/2018/texmf-dist/fonts/type1/public/amsfonts/cm/cmmi12.pfb></usr/local/texliv
e/2018/texmf-dist/fonts/type1/public/amsfonts/cm/cmr12.pfb>
Output written on write-up.pdf (28 pages, 3660989 bytes).
PDF statistics:
 178 PDF objects out of 1000 (max. 8388607)
 73 compressed objects within 1 object stream
 0 named destinations out of 1000 (max. 500000)
 181 words of extra memory for PDF output out of 10000 (max. 10000000)

